# JRE version: Java(TM) SE Runtime Environment (8.0_211-b12) (build 1.8.0_211-b12)
# Java VM: Java HotSpot(TM) 64-Bit Server VM (25.211-b12 mixed mode windows-amd64 compressed oops)
Heap:
 garbage-first heap   total 6750208K, used 2556779K [0x0000000620000000, 0x0000000622000670, 0x00000007c0000000)
  region size 32768K, 4 young (131072K), 1 survivors (32768K)
 Metaspace       used 254621K, capacity 274880K, committed 275064K, reserved 1271808K
  class space    used 42282K, capacity 52314K, committed 52376K, reserved 1048576K
GC Heap History (10 events):
Event: 3795.660 GC heap before
{Heap before GC invocations=3262 (full 6):
 garbage-first heap   total 6750208K, used 2583056K [0x0000000620000000, 0x0000000622000670, 0x00000007c0000000)
  region size 32768K, 4 young (131072K), 1 survivors (32768K)
 Metaspace       used 254619K, capacity 274880K, committed 275064K, reserved 1271808K
  class space    used 42282K, capacity 52314K, committed 52376K, reserved 1048576K
Event: 3795.673 GC heap after
Heap after GC invocations=3263 (full 6):
 garbage-first heap   total 6750208K, used 2490123K [0x0000000620000000, 0x0000000622000670, 0x00000007c0000000)
  region size 32768K, 1 young (32768K), 1 survivors (32768K)
 Metaspace       used 254619K, capacity 274880K, committed 275064K, reserved 1271808K
  class space    used 42282K, capacity 52314K, committed 52376K, reserved 1048576K
}
Event: 3797.557 GC heap before
{Heap before GC invocations=3263 (full 6):
 garbage-first heap   total 6750208K, used 2588427K [0x0000000620000000, 0x0000000622000670, 0x00000007c0000000)
  region size 32768K, 4 young (131072K), 1 survivors (32768K)
 Metaspace       used 254619K, capacity 274880K, committed 275064K, reserved 1271808K
  class space    used 42282K, capacity 52314K, committed 52376K, reserved 1048576K
Event: 3797.570 GC heap after
Heap after GC invocations=3264 (full 6):
 garbage-first heap   total 6750208K, used 2490126K [0x0000000620000000, 0x0000000622000670, 0x00000007c0000000)
  region size 32768K, 1 young (32768K), 1 survivors (32768K)
 Metaspace       used 254619K, capacity 274880K, committed 275064K, reserved 1271808K
  class space    used 42282K, capacity 52314K, committed 52376K, reserved 1048576K
}
Event: 3798.340 GC heap before
{Heap before GC invocations=3264 (full 6):
 garbage-first heap   total 6750208K, used 2588430K [0x0000000620000000, 0x0000000622000670, 0x00000007c0000000)
  region size 32768K, 4 young (131072K), 1 survivors (32768K)
 Metaspace       used 254619K, capacity 274880K, committed 275064K, reserved 1271808K
  class space    used 42282K, capacity 52314K, committed 52376K, reserved 1048576K
Event: 3798.352 GC heap after
Heap after GC invocations=3265 (full 6):
 garbage-first heap   total 6750208K, used 2490171K [0x0000000620000000, 0x0000000622000670, 0x00000007c0000000)
  region size 32768K, 1 young (32768K), 1 survivors (32768K)
 Metaspace       used 254619K, capacity 274880K, committed 275064K, reserved 1271808K
  class space    used 42282K, capacity 52314K, committed 52376K, reserved 1048576K
}
Event: 3800.350 GC heap before
{Heap before GC invocations=3265 (full 6):
 garbage-first heap   total 6750208K, used 2588475K [0x0000000620000000, 0x0000000622000670, 0x00000007c0000000)
  region size 32768K, 4 young (131072K), 1 survivors (32768K)
 Metaspace       used 254620K, capacity 274880K, committed 275064K, reserved 1271808K
  class space    used 42282K, capacity 52314K, committed 52376K, reserved 1048576K
Event: 3800.366 GC heap after
Heap after GC invocations=3266 (full 6):
 garbage-first heap   total 6750208K, used 2494856K [0x0000000620000000, 0x0000000622000670, 0x00000007c0000000)
  region size 32768K, 1 young (32768K), 1 survivors (32768K)
 Metaspace       used 254620K, capacity 274880K, committed 275064K, reserved 1271808K
  class space    used 42282K, capacity 52314K, committed 52376K, reserved 1048576K
}
Event: 3801.720 GC heap before
{Heap before GC invocations=3266 (full 6):
 garbage-first heap   total 6750208K, used 2593160K [0x0000000620000000, 0x0000000622000670, 0x00000007c0000000)
  region size 32768K, 4 young (131072K), 1 survivors (32768K)
 Metaspace       used 254620K, capacity 274880K, committed 275064K, reserved 1271808K
  class space    used 42282K, capacity 52314K, committed 52376K, reserved 1048576K
Event: 3801.734 GC heap after
Heap after GC invocations=3267 (full 6):
 garbage-first heap   total 6750208K, used 2491243K [0x0000000620000000, 0x0000000622000670, 0x00000007c0000000)
  region size 32768K, 1 young (32768K), 1 survivors (32768K)
 Metaspace       used 254620K, capacity 274880K, committed 275064K, reserved 1271808K
  class space    used 42282K, capacity 52314K, committed 52376K, reserved 1048576K
}

