# JRE version: Java(TM) SE Runtime Environment (8.0_211-b12) (build 1.8.0_211-b12)
# Java VM: Java HotSpot(TM) 64-Bit Server VM (25.211-b12 mixed mode windows-amd64 compressed oops)
Heap:
 garbage-first heap   total 7045120K, used 1740033K [0x000000060a000000, 0x000000060c0006b8, 0x00000007c0000000)
  region size 32768K, 1 young (32768K), 1 survivors (32768K)
 Metaspace       used 247692K, capacity 266822K, committed 267108K, reserved 1265664K
  class space    used 41779K, capacity 51681K, committed 51812K, reserved 1048576K
GC Heap History (10 events):
Event: 1371.885 GC heap after
Heap after GC invocations=1520 (full 8):
 garbage-first heap   total 6586368K, used 1730226K [0x000000060a000000, 0x000000060c000648, 0x00000007c0000000)
  region size 32768K, 1 young (32768K), 1 survivors (32768K)
 Metaspace       used 247691K, capacity 266822K, committed 267108K, reserved 1265664K
  class space    used 41779K, capacity 51681K, committed 51812K, reserved 1048576K
}
Event: 1372.022 GC heap before
{Heap before GC invocations=1520 (full 8):
 garbage-first heap   total 6586368K, used 1828530K [0x000000060a000000, 0x000000060c000648, 0x00000007c0000000)
  region size 32768K, 4 young (131072K), 1 survivors (32768K)
 Metaspace       used 247691K, capacity 266822K, committed 267108K, reserved 1265664K
  class space    used 41779K, capacity 51681K, committed 51812K, reserved 1048576K
Event: 1372.041 GC heap after
Heap after GC invocations=1521 (full 8):
 garbage-first heap   total 6717440K, used 1727298K [0x000000060a000000, 0x000000060c000668, 0x00000007c0000000)
  region size 32768K, 1 young (32768K), 1 survivors (32768K)
 Metaspace       used 247691K, capacity 266822K, committed 267108K, reserved 1265664K
  class space    used 41779K, capacity 51681K, committed 51812K, reserved 1048576K
}
Event: 1372.314 GC heap before
{Heap before GC invocations=1521 (full 8):
 garbage-first heap   total 6717440K, used 1825602K [0x000000060a000000, 0x000000060c000668, 0x00000007c0000000)
  region size 32768K, 4 young (131072K), 1 survivors (32768K)
 Metaspace       used 247691K, capacity 266822K, committed 267108K, reserved 1265664K
  class space    used 41779K, capacity 51681K, committed 51812K, reserved 1048576K
Event: 1372.346 GC heap after
Heap after GC invocations=1522 (full 8):
 garbage-first heap   total 6815744K, used 1730192K [0x000000060a000000, 0x000000060c000680, 0x00000007c0000000)
  region size 32768K, 1 young (32768K), 1 survivors (32768K)
 Metaspace       used 247691K, capacity 266822K, committed 267108K, reserved 1265664K
  class space    used 41779K, capacity 51681K, committed 51812K, reserved 1048576K
}
Event: 1372.695 GC heap before
{Heap before GC invocations=1522 (full 8):
 garbage-first heap   total 6815744K, used 1828496K [0x000000060a000000, 0x000000060c000680, 0x00000007c0000000)
  region size 32768K, 4 young (131072K), 1 survivors (32768K)
 Metaspace       used 247691K, capacity 266822K, committed 267108K, reserved 1265664K
  class space    used 41779K, capacity 51681K, committed 51812K, reserved 1048576K
Event: 1372.711 GC heap after
Heap after GC invocations=1523 (full 8):
 garbage-first heap   total 6914048K, used 1738365K [0x000000060a000000, 0x000000060c000698, 0x00000007c0000000)
  region size 32768K, 1 young (32768K), 1 survivors (32768K)
 Metaspace       used 247691K, capacity 266822K, committed 267108K, reserved 1265664K
  class space    used 41779K, capacity 51681K, committed 51812K, reserved 1048576K
}
Event: 1373.075 GC heap before
{Heap before GC invocations=1523 (full 8):
 garbage-first heap   total 6914048K, used 1836669K [0x000000060a000000, 0x000000060c000698, 0x00000007c0000000)
  region size 32768K, 4 young (131072K), 1 survivors (32768K)
 Metaspace       used 247692K, capacity 266822K, committed 267108K, reserved 1265664K
  class space    used 41779K, capacity 51681K, committed 51812K, reserved 1048576K
Event: 1373.091 GC heap after
Heap after GC invocations=1524 (full 8):
 garbage-first heap   total 6979584K, used 1740096K [0x000000060a000000, 0x000000060c0006a8, 0x00000007c0000000)
  region size 32768K, 1 young (32768K), 1 survivors (32768K)
 Metaspace       used 247692K, capacity 266822K, committed 267108K, reserved 1265664K
  class space    used 41779K, capacity 51681K, committed 51812K, reserved 1048576K
}
Event: 1373.397 GC heap before
{Heap before GC invocations=1524 (full 8):
 garbage-first heap   total 6979584K, used 1838400K [0x000000060a000000, 0x000000060c0006a8, 0x00000007c0000000)
  region size 32768K, 4 young (131072K), 1 survivors (32768K)
 Metaspace       used 247692K, capacity 266822K, committed 267108K, reserved 1265664K
  class space    used 41779K, capacity 51681K, committed 51812K, reserved 1048576K

