# JRE version: Java(TM) SE Runtime Environment (8.0_241-b07) (build 1.8.0_241-b07)
# Java VM: Java HotSpot(TM) 64-Bit Server VM (25.241-b07 mixed mode windows-amd64 compressed oops)
Heap:
 garbage-first heap   total 13991936K, used 831434K [0x000000041a000000, 0x000000041c000d58, 0x00000007c0000000)
  region size 32768K, 1 young (32768K), 1 survivors (32768K)
 Metaspace       used 79722K, capacity 80557K, committed 81280K, reserved 1118208K
  class space    used 11574K, capacity 11805K, committed 11904K, reserved 1048576K
GC Heap History (10 events):
Event: 67.621 GC heap after
Heap after GC invocations=137 (full 0):
 garbage-first heap   total 12648448K, used 744593K [0x000000041a000000, 0x000000041c000c10, 0x00000007c0000000)
  region size 32768K, 1 young (32768K), 1 survivors (32768K)
 Metaspace       used 79536K, capacity 80331K, committed 81152K, reserved 1118208K
  class space    used 11548K, capacity 11772K, committed 11776K, reserved 1048576K
}
Event: 67.945 GC heap before
{Heap before GC invocations=137 (full 0):
 garbage-first heap   total 12648448K, used 842897K [0x000000041a000000, 0x000000041c000c10, 0x00000007c0000000)
  region size 32768K, 4 young (131072K), 1 survivors (32768K)
 Metaspace       used 79715K, capacity 80557K, committed 81280K, reserved 1118208K
  class space    used 11573K, capacity 11805K, committed 11904K, reserved 1048576K
Event: 67.987 GC heap after
Heap after GC invocations=138 (full 0):
 garbage-first heap   total 12648448K, used 750126K [0x000000041a000000, 0x000000041c000c10, 0x00000007c0000000)
  region size 32768K, 1 young (32768K), 1 survivors (32768K)
 Metaspace       used 79715K, capacity 80557K, committed 81280K, reserved 1118208K
  class space    used 11573K, capacity 11805K, committed 11904K, reserved 1048576K
}
Event: 68.220 GC heap before
{Heap before GC invocations=138 (full 0):
 garbage-first heap   total 12648448K, used 848430K [0x000000041a000000, 0x000000041c000c10, 0x00000007c0000000)
  region size 32768K, 4 young (131072K), 1 survivors (32768K)
 Metaspace       used 79715K, capacity 80557K, committed 81280K, reserved 1118208K
  class space    used 11573K, capacity 11805K, committed 11904K, reserved 1048576K
Event: 68.279 GC heap after
Heap after GC invocations=139 (full 0):
 garbage-first heap   total 12648448K, used 768152K [0x000000041a000000, 0x000000041c000c10, 0x00000007c0000000)
  region size 32768K, 1 young (32768K), 1 survivors (32768K)
 Metaspace       used 79715K, capacity 80557K, committed 81280K, reserved 1118208K
  class space    used 11573K, capacity 11805K, committed 11904K, reserved 1048576K
}
Event: 68.466 GC heap before
{Heap before GC invocations=139 (full 0):
 garbage-first heap   total 12648448K, used 866456K [0x000000041a000000, 0x000000041c000c10, 0x00000007c0000000)
  region size 32768K, 4 young (131072K), 1 survivors (32768K)
 Metaspace       used 79715K, capacity 80557K, committed 81280K, reserved 1118208K
  class space    used 11573K, capacity 11805K, committed 11904K, reserved 1048576K
Event: 68.525 GC heap after
Heap after GC invocations=140 (full 0):
 garbage-first heap   total 13205504K, used 791621K [0x000000041a000000, 0x000000041c000c98, 0x00000007c0000000)
  region size 32768K, 1 young (32768K), 1 survivors (32768K)
 Metaspace       used 79715K, capacity 80557K, committed 81280K, reserved 1118208K
  class space    used 11573K, capacity 11805K, committed 11904K, reserved 1048576K
}
Event: 68.741 GC heap before
{Heap before GC invocations=140 (full 0):
 garbage-first heap   total 13205504K, used 889925K [0x000000041a000000, 0x000000041c000c98, 0x00000007c0000000)
  region size 32768K, 4 young (131072K), 1 survivors (32768K)
 Metaspace       used 79715K, capacity 80557K, committed 81280K, reserved 1118208K
  class space    used 11573K, capacity 11805K, committed 11904K, reserved 1048576K
Event: 68.789 GC heap after
Heap after GC invocations=141 (full 0):
 garbage-first heap   total 13631488K, used 810246K [0x000000041a000000, 0x000000041c000d00, 0x00000007c0000000)
  region size 32768K, 1 young (32768K), 1 survivors (32768K)
 Metaspace       used 79715K, capacity 80557K, committed 81280K, reserved 1118208K
  class space    used 11573K, capacity 11805K, committed 11904K, reserved 1048576K
}
Event: 69.058 GC heap before
{Heap before GC invocations=141 (full 0):
 garbage-first heap   total 13631488K, used 908550K [0x000000041a000000, 0x000000041c000d00, 0x00000007c0000000)
  region size 32768K, 4 young (131072K), 1 survivors (32768K)
 Metaspace       used 79722K, capacity 80557K, committed 81280K, reserved 1118208K
  class space    used 11574K, capacity 11805K, committed 11904K, reserved 1048576K

