# JRE version: Java(TM) SE Runtime Environment (8.0_241-b07) (build 1.8.0_241-b07)
# Java VM: Java HotSpot(TM) 64-Bit Server VM (25.241-b07 mixed mode windows-amd64 compressed oops)
Heap:
 garbage-first heap   total 4489216K, used 1973132K [0x0000000616000000, 0x0000000618000448, 0x00000007c0000000)
  region size 32768K, 47 young (1540096K), 4 survivors (131072K)
 Metaspace       used 138602K, capacity 143683K, committed 143872K, reserved 1169408K
  class space    used 22274K, capacity 23493K, committed 23552K, reserved 1048576K
GC Heap History (10 events):
Event: 397.107 GC heap before
{Heap before GC invocations=167 (full 0):
 garbage-first heap   total 4489216K, used 3145781K [0x0000000616000000, 0x0000000618000448, 0x00000007c0000000)
  region size 32768K, 82 young (2686976K), 4 survivors (131072K)
 Metaspace       used 138317K, capacity 143367K, committed 143616K, reserved 1169408K
  class space    used 22261K, capacity 23481K, committed 23552K, reserved 1048576K
Event: 397.143 GC heap after
Heap after GC invocations=168 (full 0):
 garbage-first heap   total 4489216K, used 593267K [0x0000000616000000, 0x0000000618000448, 0x00000007c0000000)
  region size 32768K, 4 young (131072K), 4 survivors (131072K)
 Metaspace       used 138317K, capacity 143367K, committed 143616K, reserved 1169408K
  class space    used 22261K, capacity 23481K, committed 23552K, reserved 1048576K
}
Event: 406.381 GC heap before
{Heap before GC invocations=168 (full 0):
 garbage-first heap   total 4489216K, used 3149171K [0x0000000616000000, 0x0000000618000448, 0x00000007c0000000)
  region size 32768K, 82 young (2686976K), 4 survivors (131072K)
 Metaspace       used 138383K, capacity 143459K, committed 143616K, reserved 1169408K
  class space    used 22265K, capacity 23485K, committed 23552K, reserved 1048576K
Event: 406.434 GC heap after
Heap after GC invocations=169 (full 0):
 garbage-first heap   total 4489216K, used 592242K [0x0000000616000000, 0x0000000618000448, 0x00000007c0000000)
  region size 32768K, 4 young (131072K), 4 survivors (131072K)
 Metaspace       used 138383K, capacity 143459K, committed 143616K, reserved 1169408K
  class space    used 22265K, capacity 23485K, committed 23552K, reserved 1048576K
}
Event: 415.220 GC heap before
{Heap before GC invocations=169 (full 0):
 garbage-first heap   total 4489216K, used 3148146K [0x0000000616000000, 0x0000000618000448, 0x00000007c0000000)
  region size 32768K, 82 young (2686976K), 4 survivors (131072K)
 Metaspace       used 138437K, capacity 143479K, committed 143616K, reserved 1169408K
  class space    used 22271K, capacity 23491K, committed 23552K, reserved 1048576K
Event: 415.267 GC heap after
Heap after GC invocations=170 (full 0):
 garbage-first heap   total 4489216K, used 583992K [0x0000000616000000, 0x0000000618000448, 0x00000007c0000000)
  region size 32768K, 4 young (131072K), 4 survivors (131072K)
 Metaspace       used 138437K, capacity 143479K, committed 143616K, reserved 1169408K
  class space    used 22271K, capacity 23491K, committed 23552K, reserved 1048576K
}
Event: 434.286 GC heap before
{Heap before GC invocations=170 (full 0):
 garbage-first heap   total 4489216K, used 3139896K [0x0000000616000000, 0x0000000618000448, 0x00000007c0000000)
  region size 32768K, 82 young (2686976K), 4 survivors (131072K)
 Metaspace       used 138502K, capacity 143543K, committed 143616K, reserved 1169408K
  class space    used 22271K, capacity 23491K, committed 23552K, reserved 1048576K
Event: 434.334 GC heap after
Heap after GC invocations=171 (full 0):
 garbage-first heap   total 4489216K, used 564612K [0x0000000616000000, 0x0000000618000448, 0x00000007c0000000)
  region size 32768K, 3 young (98304K), 3 survivors (98304K)
 Metaspace       used 138502K, capacity 143543K, committed 143616K, reserved 1169408K
  class space    used 22271K, capacity 23491K, committed 23552K, reserved 1048576K
}
Event: 456.150 GC heap before
{Heap before GC invocations=171 (full 0):
 garbage-first heap   total 4489216K, used 3153284K [0x0000000616000000, 0x0000000618000448, 0x00000007c0000000)
  region size 32768K, 82 young (2686976K), 3 survivors (98304K)
 Metaspace       used 138541K, capacity 143607K, committed 143872K, reserved 1169408K
  class space    used 22272K, capacity 23491K, committed 23552K, reserved 1048576K
Event: 456.194 GC heap after
Heap after GC invocations=172 (full 0):
 garbage-first heap   total 4489216K, used 596876K [0x0000000616000000, 0x0000000618000448, 0x00000007c0000000)
  region size 32768K, 4 young (131072K), 4 survivors (131072K)
 Metaspace       used 138541K, capacity 143607K, committed 143872K, reserved 1169408K
  class space    used 22272K, capacity 23491K, committed 23552K, reserved 1048576K
}

