# JRE version: Java(TM) SE Runtime Environment (8.0_241-b07) (build 1.8.0_241-b07)
# Java VM: Java HotSpot(TM) 64-Bit Server VM (25.241-b07 mixed mode windows-amd64 compressed oops)
Heap:
 garbage-first heap   total 3080192K, used 391071K [0x0000000616000000, 0x00000006180002f0, 0x00000007c0000000)
  region size 32768K, 3 young (98304K), 3 survivors (98304K)
 Metaspace       used 67027K, capacity 68738K, committed 69068K, reserved 1107968K
  class space    used 10240K, capacity 10685K, committed 10700K, reserved 1048576K
GC Heap History (10 events):
Event: 58.949 GC heap after
Heap after GC invocations=88 (full 0):
 garbage-first heap   total 524288K, used 396778K [0x0000000616000000, 0x0000000618000080, 0x00000007c0000000)
  region size 32768K, 1 young (32768K), 1 survivors (32768K)
 Metaspace       used 59633K, capacity 61054K, committed 61388K, reserved 1101824K
  class space    used 8800K, capacity 9113K, committed 9164K, reserved 1048576K
}
Event: 59.112 GC heap before
{Heap before GC invocations=88 (full 0):
 garbage-first heap   total 524288K, used 462314K [0x0000000616000000, 0x0000000618000080, 0x00000007c0000000)
  region size 32768K, 3 young (98304K), 1 survivors (32768K)
 Metaspace       used 59871K, capacity 61290K, committed 61772K, reserved 1101824K
  class space    used 8847K, capacity 9167K, committed 9292K, reserved 1048576K
Event: 59.137 GC heap after
Heap after GC invocations=89 (full 0):
 garbage-first heap   total 524288K, used 356136K [0x0000000616000000, 0x0000000618000080, 0x00000007c0000000)
  region size 32768K, 1 young (32768K), 1 survivors (32768K)
 Metaspace       used 59871K, capacity 61290K, committed 61772K, reserved 1101824K
  class space    used 8847K, capacity 9167K, committed 9292K, reserved 1048576K
}
Event: 59.266 GC heap before
{Heap before GC invocations=89 (full 0):
 garbage-first heap   total 524288K, used 421672K [0x0000000616000000, 0x0000000618000080, 0x00000007c0000000)
  region size 32768K, 3 young (98304K), 1 survivors (32768K)
 Metaspace       used 60032K, capacity 61484K, committed 61772K, reserved 1101824K
  class space    used 8898K, capacity 9214K, committed 9292K, reserved 1048576K
Event: 59.318 GC heap after
Heap after GC invocations=90 (full 0):
 garbage-first heap   total 524288K, used 337723K [0x0000000616000000, 0x0000000618000080, 0x00000007c0000000)
  region size 32768K, 1 young (32768K), 1 survivors (32768K)
 Metaspace       used 60032K, capacity 61484K, committed 61772K, reserved 1101824K
  class space    used 8898K, capacity 9214K, committed 9292K, reserved 1048576K
}
Event: 59.456 GC heap before
{Heap before GC invocations=90 (full 0):
 garbage-first heap   total 524288K, used 403259K [0x0000000616000000, 0x0000000618000080, 0x00000007c0000000)
  region size 32768K, 3 young (98304K), 1 survivors (32768K)
 Metaspace       used 60271K, capacity 61820K, committed 62156K, reserved 1101824K
  class space    used 8953K, capacity 9310K, committed 9420K, reserved 1048576K
Event: 59.508 GC heap after
Heap after GC invocations=91 (full 0):
 garbage-first heap   total 1048576K, used 341208K [0x0000000616000000, 0x0000000618000100, 0x00000007c0000000)
  region size 32768K, 1 young (32768K), 1 survivors (32768K)
 Metaspace       used 60271K, capacity 61820K, committed 62156K, reserved 1101824K
  class space    used 8953K, capacity 9310K, committed 9420K, reserved 1048576K
}
Event: 60.541 GC heap before
{Heap before GC invocations=91 (full 0):
 garbage-first heap   total 1048576K, used 767192K [0x0000000616000000, 0x0000000618000100, 0x00000007c0000000)
  region size 32768K, 14 young (458752K), 1 survivors (32768K)
 Metaspace       used 61980K, capacity 63600K, committed 63948K, reserved 1103872K
  class space    used 9226K, capacity 9582K, committed 9676K, reserved 1048576K
Event: 60.584 GC heap after
Heap after GC invocations=92 (full 0):
 garbage-first heap   total 2097152K, used 355617K [0x0000000616000000, 0x0000000618000200, 0x00000007c0000000)
  region size 32768K, 2 young (65536K), 2 survivors (65536K)
 Metaspace       used 61980K, capacity 63600K, committed 63948K, reserved 1103872K
  class space    used 9226K, capacity 9582K, committed 9676K, reserved 1048576K
}
Event: 62.509 GC heap before
{Heap before GC invocations=92 (full 0):
 garbage-first heap   total 2097152K, used 847137K [0x0000000616000000, 0x0000000618000200, 0x00000007c0000000)
  region size 32768K, 17 young (557056K), 2 survivors (65536K)
 Metaspace       used 67027K, capacity 68738K, committed 69068K, reserved 1107968K
  class space    used 10240K, capacity 10685K, committed 10700K, reserved 1048576K

